<?xml version="1.0" encoding="UTF-8"?>
<!-- Generated by org.testng.reporters.JUnitReportReporter -->
<testsuite hostname="DESKTOP-KEEJ885" failures="0" tests="5" name="com.testCases.DataExcel" time="0.084" errors="0" timestamp="2024-04-12T18:00:08 IST" skipped="0">
  <testcase classname="com.testCases.DataExcel" name="test1" time="0.005"/>
  <testcase classname="com.testCases.DataExcel" name="test1" time="0.003"/>
  <testcase classname="com.testCases.DataExcel" name="test1" time="0.012"/>
  <testcase classname="com.testCases.DataExcel" name="test1" time="0.061"/>
  <testcase classname="com.testCases.DataExcel" name="test1" time="0.003"/>
</testsuite> <!-- com.testCases.DataExcel -->
