<?xml version="1.0" encoding="UTF-8"?>
<!-- Generated by org.testng.reporters.JUnitReportReporter -->
<testsuite hostname="DESKTOP-KEEJ885" failures="0" tests="1" name="com.testCases.TC_NewCustomer" time="0.001" errors="0" timestamp="2024-05-27T22:22:08 IST" skipped="1">
  <testcase classname="com.testCases.TC_NewCustomer" name="newCustTest" time="0.001">
    <skipped/>
  </testcase> <!-- newCustTest -->
</testsuite> <!-- com.testCases.TC_NewCustomer -->
