<?xml version="1.0" encoding="UTF-8"?>
<!-- Generated by org.testng.reporters.JUnitReportReporter -->
<testsuite hostname="DESKTOP-KEEJ885" failures="0" tests="5" name="com.testCases.TC_Login_NewCust_methodChain" time="0.002" errors="0" timestamp="2024-05-27T22:22:08 IST" skipped="5">
  <testcase classname="com.testCases.TC_Login_NewCust_methodChain" name="NewCust_methodChain" time="0.001">
    <skipped/>
  </testcase> <!-- NewCust_methodChain -->
  <testcase classname="com.testCases.TC_Login_NewCust_methodChain" name="NewCust_methodChain" time="0.001">
    <skipped/>
  </testcase> <!-- NewCust_methodChain -->
  <testcase classname="com.testCases.TC_Login_NewCust_methodChain" name="NewCust_methodChain" time="0.000">
    <skipped/>
  </testcase> <!-- NewCust_methodChain -->
  <testcase classname="com.testCases.TC_Login_NewCust_methodChain" name="NewCust_methodChain" time="0.000">
    <skipped/>
  </testcase> <!-- NewCust_methodChain -->
  <testcase classname="com.testCases.TC_Login_NewCust_methodChain" name="NewCust_methodChain" time="0.000">
    <skipped/>
  </testcase> <!-- NewCust_methodChain -->
</testsuite> <!-- com.testCases.TC_Login_NewCust_methodChain -->
